[debug] [2020-10-30T06:41:23.876Z] ----------------------------------------------------------------------
[debug] [2020-10-30T06:41:23.879Z] Command:       C:\Program Files\nodejs\node.exe C:\Users\tiger\AppData\Roaming\npm\node_modules\firebase-tools\lib\bin\firebase.js deploy
[debug] [2020-10-30T06:41:23.880Z] CLI Version:   8.14.1
[debug] [2020-10-30T06:41:23.880Z] Platform:      win32
[debug] [2020-10-30T06:41:23.880Z] Node Version:  v14.2.0
[debug] [2020-10-30T06:41:23.892Z] Time:          Fri Oct 30 2020 12:11:23 GMT+0530 (India Standard Time)
[debug] [2020-10-30T06:41:23.892Z] ----------------------------------------------------------------------
[debug] [2020-10-30T06:41:23.892Z] 
[debug] [2020-10-30T06:41:23.901Z] > command requires scopes: ["email","openid","https://www.googleapis.com/auth/cloudplatformprojects.readonly","https://www.googleapis.com/auth/firebase","https://www.googleapis.com/auth/cloud-platform"]
[debug] [2020-10-30T06:41:23.902Z] > authorizing via signed-in user
[debug] [2020-10-30T06:41:23.902Z] [iam] checking project netflix-clone-3609 for permissions ["cloudfunctions.functions.create","cloudfunctions.functions.delete","cloudfunctions.functions.get","cloudfunctions.functions.list","cloudfunctions.functions.update","cloudfunctions.operations.get","datastore.indexes.create","datastore.indexes.delete","datastore.indexes.list","datastore.indexes.update","firebase.projects.get","firebasehosting.sites.update","firebaserules.releases.create","firebaserules.releases.update","firebaserules.rulesets.create"]
[debug] [2020-10-30T06:41:23.905Z] >>> HTTP REQUEST POST https://cloudresourcemanager.googleapis.com/v1/projects/netflix-clone-3609:testIamPermissions  
 {"permissions":["cloudfunctions.functions.create","cloudfunctions.functions.delete","cloudfunctions.functions.get","cloudfunctions.functions.list","cloudfunctions.functions.update","cloudfunctions.operations.get","datastore.indexes.create","datastore.indexes.delete","datastore.indexes.list","datastore.indexes.update","firebase.projects.get","firebasehosting.sites.update","firebaserules.releases.create","firebaserules.releases.update","firebaserules.rulesets.create"]}
[debug] [2020-10-30T06:41:25.223Z] <<< HTTP RESPONSE 200 {"content-type":"application/json; charset=UTF-8","vary":"X-Origin, Referer, Origin,Accept-Encoding","date":"Fri, 30 Oct 2020 06:41:26 GMT","server":"ESF","cache-control":"private","x-xss-protection":"0","x-frame-options":"SAMEORIGIN","x-content-type-options":"nosniff","server-timing":"gfet4t7; dur=1125","alt-svc":"h3-Q050=\":443\"; ma=2592000,h3-29=\":443\"; ma=2592000,h3-T051=\":443\"; ma=2592000,h3-T050=\":443\"; ma=2592000,h3-Q046=\":443\"; ma=2592000,h3-Q043=\":443\"; ma=2592000,quic=\":443\"; ma=2592000; v=\"46,43\"","accept-ranges":"none","transfer-encoding":"chunked"}
[debug] [2020-10-30T06:41:25.225Z] >>> HTTP REQUEST POST https://iam.googleapis.com/v1/projects/netflix-clone-3609/serviceAccounts/netflix-clone-3609@appspot.gserviceaccount.com:testIamPermissions  
 {"permissions":["iam.serviceAccounts.actAs"]}
[debug] [2020-10-30T06:41:26.696Z] <<< HTTP RESPONSE 200 {"content-type":"application/json; charset=UTF-8","vary":"X-Origin, Referer, Origin,Accept-Encoding","date":"Fri, 30 Oct 2020 06:41:27 GMT","server":"ESF","cache-control":"private","x-xss-protection":"0","x-frame-options":"SAMEORIGIN","x-content-type-options":"nosniff","alt-svc":"h3-Q050=\":443\"; ma=2592000,h3-29=\":443\"; ma=2592000,h3-T051=\":443\"; ma=2592000,h3-T050=\":443\"; ma=2592000,h3-Q046=\":443\"; ma=2592000,h3-Q043=\":443\"; ma=2592000,quic=\":443\"; ma=2592000; v=\"46,43\"","accept-ranges":"none","transfer-encoding":"chunked"}
[debug] [2020-10-30T06:41:26.701Z] >>> HTTP REQUEST GET https://firebase.googleapis.com/v1beta1/projects/netflix-clone-3609  
 
[debug] [2020-10-30T06:41:27.049Z] <<< HTTP RESPONSE 200 {"content-type":"application/json; charset=UTF-8","vary":"X-Origin, Referer, Origin,Accept-Encoding","date":"Fri, 30 Oct 2020 06:41:27 GMT","server":"ESF","cache-control":"private","x-xss-protection":"0","x-frame-options":"SAMEORIGIN","x-content-type-options":"nosniff","alt-svc":"h3-Q050=\":443\"; ma=2592000,h3-29=\":443\"; ma=2592000,h3-T051=\":443\"; ma=2592000,h3-T050=\":443\"; ma=2592000,h3-Q046=\":443\"; ma=2592000,h3-Q043=\":443\"; ma=2592000,quic=\":443\"; ma=2592000; v=\"46,43\"","accept-ranges":"none","transfer-encoding":"chunked"}
[info] 
[info] === Deploying to 'netflix-clone-3609'...
[info] 
[info] i  deploying storage, firestore, functions, hosting 
[debug] [2020-10-30T06:41:31.447Z] >>> HTTP REQUEST GET https://appengine.googleapis.com/v1/apps/netflix-clone-3609  
 
[debug] [2020-10-30T06:41:32.155Z] <<< HTTP RESPONSE 200 {"content-type":"application/json; charset=UTF-8","vary":"X-Origin, Referer, Origin,Accept-Encoding","date":"Fri, 30 Oct 2020 06:41:33 GMT","server":"ESF","cache-control":"private","x-xss-protection":"0","x-frame-options":"SAMEORIGIN","x-content-type-options":"nosniff","alt-svc":"h3-Q050=\":443\"; ma=2592000,h3-29=\":443\"; ma=2592000,h3-T051=\":443\"; ma=2592000,h3-T050=\":443\"; ma=2592000,h3-Q046=\":443\"; ma=2592000,h3-Q043=\":443\"; ma=2592000,quic=\":443\"; ma=2592000; v=\"46,43\"","accept-ranges":"none","transfer-encoding":"chunked"}
[info] i  firebase.storage: checking storage.rules for compilation errors... 
[debug] [2020-10-30T06:41:32.161Z] >>> HTTP REQUEST POST https://firebaserules.googleapis.com/v1/projects/netflix-clone-3609:test  
 {"source":{"files":[{"name":"storage.rules","content":"rules_version = '2';\nservice firebase.storage {\n  match /b/{bucket}/o {\n    match /{allPaths=**} {\n      allow read, write: if request.auth!=null;\n    }\n  }\n}\n"}]}}
[debug] [2020-10-30T06:41:33.517Z] <<< HTTP RESPONSE 200 {"content-type":"application/json; charset=UTF-8","vary":"X-Origin, Referer, Origin,Accept-Encoding","date":"Fri, 30 Oct 2020 06:41:34 GMT","server":"ESF","cache-control":"private","x-xss-protection":"0","x-frame-options":"SAMEORIGIN","x-content-type-options":"nosniff","alt-svc":"h3-Q050=\":443\"; ma=2592000,h3-29=\":443\"; ma=2592000,h3-T051=\":443\"; ma=2592000,h3-T050=\":443\"; ma=2592000,h3-Q046=\":443\"; ma=2592000,h3-Q043=\":443\"; ma=2592000,quic=\":443\"; ma=2592000; v=\"46,43\"","accept-ranges":"none","transfer-encoding":"chunked"}
[info] +  firebase.storage: rules file storage.rules compiled successfully 
[info] i  firestore: reading indexes from firestore.indexes.json... 
[info] i  cloud.firestore: checking firestore.rules for compilation errors... 
[debug] [2020-10-30T06:41:33.552Z] >>> HTTP REQUEST POST https://firebaserules.googleapis.com/v1/projects/netflix-clone-3609:test  
 {"source":{"files":[{"name":"firestore.rules","content":"rules_version = '2';\nservice cloud.firestore {\n  match /databases/{database}/documents {\n    match /{document=**} {\n      allow read, write: if false;\n    }\n  }\n}"}]}}
[debug] [2020-10-30T06:41:33.885Z] <<< HTTP RESPONSE 200 {"content-type":"application/json; charset=UTF-8","vary":"X-Origin, Referer, Origin,Accept-Encoding","date":"Fri, 30 Oct 2020 06:41:34 GMT","server":"ESF","cache-control":"private","x-xss-protection":"0","x-frame-options":"SAMEORIGIN","x-content-type-options":"nosniff","alt-svc":"h3-Q050=\":443\"; ma=2592000,h3-29=\":443\"; ma=2592000,h3-T051=\":443\"; ma=2592000,h3-T050=\":443\"; ma=2592000,h3-Q046=\":443\"; ma=2592000,h3-Q043=\":443\"; ma=2592000,quic=\":443\"; ma=2592000; v=\"46,43\"","accept-ranges":"none","transfer-encoding":"chunked"}
[info] +  cloud.firestore: rules file firestore.rules compiled successfully 
[debug] [2020-10-30T06:41:33.892Z] > [functions] package.json contents: {
  "name": "functions",
  "description": "Cloud Functions for Firebase",
  "scripts": {
    "serve": "firebase emulators:start --only functions",
    "shell": "firebase functions:shell",
    "start": "npm run shell",
    "deploy": "firebase deploy --only functions",
    "logs": "firebase functions:log"
  },
  "engines": {
    "node": "12"
  },
  "main": "index.js",
  "dependencies": {
    "firebase-admin": "^9.2.0",
    "firebase-functions": "^3.11.0"
  },
  "devDependencies": {
    "firebase-functions-test": "^0.2.0"
  },
  "private": true
}
[info] i  functions: ensuring required API cloudfunctions.googleapis.com is enabled... 
[info] i  functions: ensuring required API cloudbuild.googleapis.com is enabled... 
[debug] [2020-10-30T06:41:35.684Z] >>> HTTP REQUEST GET https://serviceusage.googleapis.com/v1/projects/netflix-clone-3609/services/cloudfunctions.googleapis.com  
 
[debug] [2020-10-30T06:41:35.684Z] >>> HTTP REQUEST GET https://serviceusage.googleapis.com/v1/projects/netflix-clone-3609/services/runtimeconfig.googleapis.com  
 
[debug] [2020-10-30T06:41:35.685Z] >>> HTTP REQUEST GET https://serviceusage.googleapis.com/v1/projects/netflix-clone-3609/services/cloudbuild.googleapis.com  
 
[debug] [2020-10-30T06:41:56.903Z] Error: connect ETIMEDOUT 216.58.200.138:443
    at TCPConnectWrap.afterConnect [as oncomplete] (net.js:1142:16)
[error] 
[error] Error: Server Error. connect ETIMEDOUT 216.58.200.138:443
